00:00:47 T:3034198016  NOTICE: special://profile/ is mapped to: special://masterprofile/
00:00:47 T:3034198016  NOTICE: -----------------------------------------------------------------------
00:00:47 T:3034198016  NOTICE: Starting Kodi (14.2-RC1 Git:Unknown). Platform: Linux ARM 32-bit
00:00:47 T:3034198016  NOTICE: Using Release Kodi x32 build (version for Raspberry Pi)
00:00:47 T:3034198016  NOTICE: Kodi compiled Mar 28 2015 by GCC 4.6.3 for Linux ARM 32-bit version 3.2.51 (197171)
00:00:47 T:3034198016  NOTICE: Running on XBian 1.0 (knockout), kernel: Linux ARM 32-bit version 3.18.8+
00:00:47 T:3034198016  NOTICE: FFmpeg statically linked, version: e197149-xbmc-2.4.6-Helix
00:00:47 T:3034198016  NOTICE: Host CPU: ARMv6-compatible processor rev 7 (v6l), 1 core available
00:00:47 T:3034198016  NOTICE: ARM Features: Neon disabled
00:00:47 T:3034198016  NOTICE: special://xbmc/ is mapped to: /usr/local/share/kodi
00:00:47 T:3034198016  NOTICE: special://xbmcbin/ is mapped to: /usr/local/lib/kodi
00:00:47 T:3034198016  NOTICE: special://masterprofile/ is mapped to: /home/xbian/.kodi/userdata
00:00:47 T:3034198016  NOTICE: special://home/ is mapped to: /home/xbian/.kodi
00:00:47 T:3034198016  NOTICE: special://temp/ is mapped to: /home/xbian/.kodi/temp
00:00:47 T:3034198016  NOTICE: The executable running is: /usr/local/lib/kodi/kodi.bin
00:00:47 T:3034198016  NOTICE: Local hostname: xbian
00:00:47 T:3034198016  NOTICE: Log File is located: /home/xbian/.kodi/temp/kodi.log
00:00:47 T:3034198016  NOTICE: -----------------------------------------------------------------------
00:00:50 T:3034198016  NOTICE: load settings...
00:00:50 T:3034198016  NOTICE: Found 1 Lists of Devices
00:00:50 T:3034198016  NOTICE: Enumerated PI devices:
00:00:50 T:3034198016  NOTICE:     Device 1
00:00:50 T:3034198016  NOTICE:         m_deviceName      : HDMI
00:00:50 T:3034198016  NOTICE:         m_displayName     : HDMI
00:00:50 T:3034198016  NOTICE:         m_displayNameExtra:
00:00:50 T:3034198016  NOTICE:         m_deviceType      : AE_DEVTYPE_HDMI
00:00:50 T:3034198016  NOTICE:         m_channels        : FL,FR
00:00:50 T:3034198016  NOTICE:         m_sampleRates     : 8000,11025,16000,22050,24000,32000,44100,48000,88200,96000,176400,192000
00:00:50 T:3034198016  NOTICE:         m_dataFormats     : AE_FMT_FLOAT,AE_FMT_S32NE,AE_FMT_S16NE,AE_FMT_S32LE,AE_FMT_S16LE,AE_FMT_FLOATP,AE_FMT_S32NEP,AE_FMT_S16NEP,AE_FMT_AC3,AE_FMT_DTS,AE_FMT_EAC3
00:00:50 T:3034198016  NOTICE:     Device 2
00:00:50 T:3034198016  NOTICE:         m_deviceName      : Analogue
00:00:50 T:3034198016  NOTICE:         m_displayName     : Analogue
00:00:50 T:3034198016  NOTICE:         m_displayNameExtra:
00:00:50 T:3034198016  NOTICE:         m_deviceType      : AE_DEVTYPE_PCM
00:00:50 T:3034198016  NOTICE:         m_channels        : FL,FR
00:00:50 T:3034198016  NOTICE:         m_sampleRates     : 48000
00:00:50 T:3034198016  NOTICE:         m_dataFormats     : AE_FMT_FLOAT,AE_FMT_S32LE,AE_FMT_S16LE,AE_FMT_FLOATP,AE_FMT_S32NEP,AE_FMT_S16NEP
00:00:50 T:3034198016  NOTICE:     Device 3
00:00:50 T:3034198016  NOTICE:         m_deviceName      : Both
00:00:50 T:3034198016  NOTICE:         m_displayName     : HDMI and Analogue
00:00:50 T:3034198016  NOTICE:         m_displayNameExtra:
00:00:50 T:3034198016  NOTICE:         m_deviceType      : AE_DEVTYPE_PCM
00:00:50 T:3034198016  NOTICE:         m_channels        : FL,FR
00:00:50 T:3034198016  NOTICE:         m_sampleRates     : 48000
00:00:50 T:3034198016  NOTICE:         m_dataFormats     : AE_FMT_FLOAT,AE_FMT_S32LE,AE_FMT_S16LE,AE_FMT_FLOATP,AE_FMT_S32NEP,AE_FMT_S16NEP
00:00:50 T:3034198016 WARNING: CSettingsManager: unable to read value of setting "smb.winsserver"
00:00:50 T:3034198016 WARNING: CSkinSettings: no <skinsettings> tag found
00:00:50 T:3034198016  NOTICE: Loaded settings file from special://xbmc/system/advancedsettings.xml
00:00:50 T:3034198016  NOTICE: Contents of special://xbmc/system/advancedsettings.xml are...
                                            <advancedsettings>
                                              <fanartres>720</fanartres>
                                              <imageres>540</imageres>
                                              <libass>
                                                <styleoverrides>
                                                  <style name="Blur" value="0" />
                                                  <style name="BorderStyle" value="0" />
                                                  <style name="Shadow" value="0" />
                                                </styleoverrides>
                                              </libass>
                                              <network>
                                                <readbufferfactor>4.0</readbufferfactor>
                                              </network>
                                            </advancedsettings>
00:00:50 T:3034198016  NOTICE: Loaded settings file from special://profile/advancedsettings.xml
00:00:50 T:3034198016  NOTICE: Contents of special://profile/advancedsettings.xml are...
                                            <advancedsettings>
                                              <network>
                                                <cachemembuffersize>20971520</cachemembuffersize>
                                                <readbufferfactor>4.0</readbufferfactor>
                                              </network>
                                              <samba>
                                                <clienttimeout>10</clienttimeout>
                                              </samba>
                                              <fanartres>720</fanartres>
                                              <imageres>540</imageres>
                                              <fullscreen>true</fullscreen>
                                              <libass>
                                                <styleoverrides>
                                                  <style name="Shadow" value="0" />
                                                  <style name="Blur" value="0" />
                                                  <style name="BorderStyle" value="0" />
                                                </styleoverrides>
                                              </libass>
                                              <gui>
                                                <visualizedirtyregions>false</visualizedirtyregions>
                                              </gui>
                                              <destroywindowcontrols>0</destroywindowcontrols>
                                              <useddsfanart>0</useddsfanart>
                                            </advancedsettings>
00:00:50 T:3034198016  NOTICE: Default DVD Player: dvdplayer
00:00:50 T:3034198016  NOTICE: Default Video Player: dvdplayer
00:00:50 T:3034198016  NOTICE: Default Audio Player: paplayer
00:00:50 T:3034198016  NOTICE: Disabled debug logging due to GUI setting. Level 0.
00:00:50 T:3034198016  NOTICE: Log level changed to "LOG_LEVEL_NORMAL"
00:00:50 T:3034198016  NOTICE: CMediaSourceSettings: loading media sources from special://masterprofile/sources.xml
00:00:50 T:3034198016  NOTICE: Loading player core factory settings from special://xbmc/system/playercorefactory.xml.
00:00:50 T:3034198016  NOTICE: Loaded playercorefactory configuration
00:00:50 T:3034198016  NOTICE: Loading player core factory settings from special://masterprofile/playercorefactory.xml.
00:00:50 T:3034198016  NOTICE: special://masterprofile/playercorefactory.xml does not exist. Skipping.
00:00:50 T:3034198016   ERROR: CSettingsManager: unable to load settings from special://masterprofile/guisettings.xml, creating new default settings
00:00:50 T:3034198016  NOTICE: Loaded settings file from special://xbmc/system/advancedsettings.xml
00:00:50 T:3034198016  NOTICE: Contents of special://xbmc/system/advancedsettings.xml are...
                                            <advancedsettings>
                                              <fanartres>720</fanartres>
                                              <imageres>540</imageres>
                                              <libass>
                                                <styleoverrides>
                                                  <style name="Blur" value="0" />
                                                  <style name="BorderStyle" value="0" />
                                                  <style name="Shadow" value="0" />
                                                </styleoverrides>
                                              </libass>
                                              <network>
                                                <readbufferfactor>4.0</readbufferfactor>
                                              </network>
                                            </advancedsettings>
00:00:50 T:3034198016  NOTICE: Loaded settings file from special://profile/advancedsettings.xml
00:00:50 T:3034198016  NOTICE: Contents of special://profile/advancedsettings.xml are...
                                            <advancedsettings>
                                              <network>
                                                <cachemembuffersize>20971520</cachemembuffersize>
                                                <readbufferfactor>4.0</readbufferfactor>
                                              </network>
                                              <samba>
                                                <clienttimeout>10</clienttimeout>
                                              </samba>
                                              <fanartres>720</fanartres>
                                              <imageres>540</imageres>
                                              <fullscreen>true</fullscreen>
                                              <libass>
                                                <styleoverrides>
                                                  <style name="Shadow" value="0" />
                                                  <style name="Blur" value="0" />
                                                  <style name="BorderStyle" value="0" />
                                                </styleoverrides>
                                              </libass>
                                              <gui>
                                                <visualizedirtyregions>false</visualizedirtyregions>
                                              </gui>
                                              <destroywindowcontrols>0</destroywindowcontrols>
                                              <useddsfanart>0</useddsfanart>
                                            </advancedsettings>
00:00:50 T:3034198016  NOTICE: Default DVD Player: dvdplayer
00:00:50 T:3034198016  NOTICE: Default Video Player: dvdplayer
00:00:50 T:3034198016  NOTICE: Default Audio Player: paplayer
00:00:50 T:3034198016  NOTICE: Disabled debug logging due to GUI setting. Level 0.
00:00:50 T:3034198016  NOTICE: Log level changed to "LOG_LEVEL_NORMAL"
00:00:50 T:3034198016  NOTICE: CMediaSourceSettings: loading media sources from special://masterprofile/sources.xml
00:00:50 T:3034198016  NOTICE: Loading player core factory settings from special://xbmc/system/playercorefactory.xml.
00:00:50 T:3034198016  NOTICE: Loaded playercorefactory configuration
00:00:50 T:3034198016  NOTICE: Loading player core factory settings from special://masterprofile/playercorefactory.xml.
00:00:50 T:3034198016  NOTICE: special://masterprofile/playercorefactory.xml does not exist. Skipping.
00:00:50 T:3032626192  NOTICE: Thread ActiveAE start, auto delete: false
00:00:50 T:3024237584  NOTICE: Thread AESink start, auto delete: false
00:00:50 T:2965517328  NOTICE: Thread CRBPWorker start, auto delete: false
00:00:51 T:3034198016  NOTICE: ADDONS: Using repository repository.xbmc.org
00:00:51 T:3034198016  NOTICE: ADDONS: Using repository repo.xbian.xbmc
00:00:51 T:3034198016  NOTICE: ADDONS: Using repository repository.superrepo.org.gotham.all
00:00:51 T:3034198016  NOTICE: Register - new cec device registered on cec->RPI: CEC Adapter (2708:1001)
00:00:51 T:2956280848  NOTICE: Thread CECAdapter start, auto delete: false
00:00:51 T:2947892240  NOTICE: Thread PeripBusUSBUdev start, auto delete: false
00:00:51 T:3024237584  NOTICE: CAESinkPi:AddPackets Underrun (delay:0.00 frames:2205)
00:00:55 T:2956280848   ERROR: CecLogMessage - Open - vc_cec could not be initialised
00:00:55 T:2956280848   ERROR: CecLogMessage - could not open a connection (try 1)
00:00:55 T:3024237584  NOTICE: CAESinkPi:AddPackets Underrun (delay:0.00 frames:2205)
00:00:56 T:3034198016   ERROR: DBus: Error org.freedesktop.UDisks.Error.Failed - Error mounting: mount exited with exit code 1: helper failed with:
                                            mount: according to mtab, /dev/root is already mounted on /home
                                            mount failed
00:00:56 T:3034198016  NOTICE: Raspberry PI firmware version: Feb  4 2015 21:04:27 
                                            Copyright (c) 2012 Broadcom
                                            version 115f63aa0915cdb5b6dff23822eb16699b72ae8b (clean) (release)
00:00:56 T:3034198016  NOTICE: ARM mem: 368MB GPU mem: 144MB MPG2:0 WVC1:0
00:00:56 T:3034198016  NOTICE: Config:
                                            arm_freq=840
                                            core_freq=320
                                            sdram_freq=400
                                            hdmi_channel_map=8
                                            disable_overscan=1
                                            ramfsaddr=0x1000000
                                            program_serial_random=1
                                            config_hdmi_boost=2
                                            emmc_pll_core=1
                                            hdmi_ignore_cec_init=1
                                            hdmi_force_cec_address=65535
                                            framebuffer_ignore_alpha=1
                                            framebuffer_swap=1
                                            disable_splash=1
                                            initial_turbo=3
                                            temp_limit=85
                                            force_pwm_open=1
                                            pause_burst_frames=1
                                            avoid_fix_ts=1
00:00:56 T:3034198016  NOTICE: Config:
                                            ramfsfile=initramfs.gz
                                            device_tree=-
00:00:56 T:3024237584  NOTICE: CAESinkPi:AddPackets Underrun (delay:0.00 frames:2205)
00:01:07 T:3034198016  NOTICE: Previous line repeats 2 times.
00:01:07 T:3034198016  NOTICE: InitWindowSystem: Using EGL Implementation: raspberrypi
00:01:07 T:3034198016  NOTICE: Found resolution 640 x 480 for display 0 with 640 x 480 @ 60.000000 Hz
00:01:07 T:3034198016  NOTICE: Found resolution 640 x 480 for display 0 with 640 x 480 @ 59.940063 Hz
00:01:07 T:3034198016  NOTICE: Found resolution 720 x 480 for display 0 with 720 x 480 @ 60.000000 Hz
00:01:07 T:3034198016  NOTICE: Found resolution 720 x 480 for display 0 with 720 x 480 @ 59.940063 Hz
00:01:07 T:3034198016  NOTICE: Found resolution 1280 x 720 for display 0 with 1280 x 720 @ 60.000000 Hz
00:01:07 T:3034198016  NOTICE: Found resolution 1280 x 720 for display 0 with 1280 x 720 @ 59.940063 Hz
00:01:07 T:3034198016  NOTICE: Found resolution 1920 x 1080 for display 0 with 1920 x 1080 @ 60.000000 Hz
00:01:07 T:3034198016  NOTICE: Found resolution 1920 x 1080 for display 0 with 1920 x 1080 @ 59.940063 Hz
00:01:07 T:3034198016  NOTICE: Found resolution 1920 x 1080 for display 0 with 1920 x 1080 @ 24.000000 Hz
00:01:07 T:3034198016  NOTICE: Found resolution 1920 x 1080 for display 0 with 1920 x 1080 @ 23.976025 Hz
00:01:07 T:3034198016  NOTICE: Found resolution 1920 x 1080 for display 0 with 1920 x 1080 @ 30.000000 Hz
00:01:07 T:3034198016  NOTICE: Found resolution 1920 x 1080 for display 0 with 1920 x 1080 @ 29.970032 Hz
00:01:07 T:3034198016  NOTICE: Found resolution 800 x 600 for display 0 with 800 x 600 @ 60.000000 Hz
00:01:07 T:3034198016  NOTICE: Found resolution 800 x 600 for display 0 with 800 x 600 @ 59.940063 Hz
00:01:07 T:3034198016  NOTICE: Found resolution 1024 x 768 for display 0 with 1024 x 768 @ 60.000000 Hz
00:01:07 T:3034198016  NOTICE: Found resolution 1024 x 768 for display 0 with 1024 x 768 @ 59.940063 Hz
00:01:07 T:3034198016  NOTICE: Found resolution 1280 x 768 for display 0 with 1280 x 768 @ 60.000000 Hz
00:01:07 T:3034198016  NOTICE: Found resolution 1280 x 768 for display 0 with 1280 x 768 @ 59.940063 Hz
00:01:07 T:3034198016  NOTICE: Found resolution 1280 x 1024 for display 0 with 1280 x 1024 @ 60.000000 Hz
00:01:07 T:3034198016  NOTICE: Found resolution 1280 x 1024 for display 0 with 1280 x 1024 @ 59.940063 Hz
00:01:07 T:3034198016  NOTICE: Found resolution 1360 x 768 for display 0 with 1360 x 768 @ 60.000000 Hz
00:01:07 T:3034198016  NOTICE: Found resolution 1360 x 768 for display 0 with 1360 x 768 @ 59.940063 Hz
00:01:07 T:3034198016  NOTICE: Found resolution 1400 x 1050 for display 0 with 1400 x 1050 @ 60.000000 Hz
00:01:07 T:3034198016  NOTICE: Found resolution 1400 x 1050 for display 0 with 1400 x 1050 @ 59.940063 Hz
00:01:07 T:3034198016  NOTICE: Found resolution 1440 x 900 for display 0 with 1440 x 900 @ 60.000000 Hz
00:01:07 T:3034198016  NOTICE: Found resolution 1440 x 900 for display 0 with 1440 x 900 @ 59.940063 Hz
00:01:07 T:3034198016  NOTICE: Found resolution 1680 x 1050 for display 0 with 1680 x 1050 @ 60.000000 Hz
00:01:07 T:3034198016  NOTICE: Found resolution 1680 x 1050 for display 0 with 1680 x 1050 @ 59.940063 Hz
00:01:07 T:3034198016  NOTICE: Found resolution 1600 x 900 for display 0 with 1600 x 900 @ 60.000000 Hz
00:01:07 T:3034198016  NOTICE: Found resolution 1600 x 900 for display 0 with 1600 x 900 @ 59.940063 Hz
00:01:07 T:3034198016  NOTICE: Found (1920x1080@60.000000) at 22, setting to RES_DESKTOP at 16
00:01:07 T:3034198016  NOTICE: Checking resolution 16
00:01:07 T:3034198016  NOTICE: GL_VENDOR = Broadcom
00:01:07 T:3034198016  NOTICE: GL_RENDERER = VideoCore IV HW
00:01:07 T:3034198016  NOTICE: GL_VERSION = OpenGL ES 2.0
00:01:07 T:3034198016  NOTICE: GL_SHADING_LANGUAGE_VERSION = OpenGL ES GLSL ES 1.00
00:01:07 T:3034198016  NOTICE: GL_EXTENSIONS = GL_OES_compressed_ETC1_RGB8_texture GL_OES_compressed_paletted_texture GL_OES_texture_npot GL_OES_depth24 GL_OES_vertex_half_float GL_OES_EGL_image GL_OES_EGL_image_external GL_EXT_discard_framebuffer GL_OES_rgb8_rgba8 GL_OES_depth32 GL_OES_mapbuffer GL_EXT_texture_format_BGRA8888 GL_APPLE_rgb_422 GL_EXT_debug_marker
00:01:08 T:3024237584  NOTICE: CAESinkPi:AddPackets Underrun (delay:0.00 frames:2205)
00:01:08 T:2922726416  NOTICE: Previous line repeats 1 times.
00:01:08 T:2922726416  NOTICE: Thread CECAdapterUpdate start, auto delete: false
00:01:08 T:3034198016  NOTICE: Running database version Addons16
00:01:09 T:3024237584  NOTICE: CAESinkPi:AddPackets Underrun (delay:0.00 frames:2205)
00:01:10 T:3034198016  NOTICE: Previous line repeats 1 times.
00:01:10 T:3034198016  NOTICE: start dvd mediatype detection
00:01:10 T:2913444880  NOTICE: Thread DetectDVDMedia start, auto delete: false
00:01:10 T:3034198016   ERROR: failed to load requested skin 'skin.confluenceforxbian'
00:01:10 T:3024237584  NOTICE: CAESinkPi:AddPackets Underrun (delay:0.00 frames:2205)
00:01:12 T:3034198016  NOTICE: Previous line repeats 2 times.
00:01:12 T:3034198016 WARNING: JSONRPC: Could not parse type "PVR.Details.Channel"
00:01:12 T:3034198016 WARNING: JSONRPC: Could not parse type "PVR.Details.ChannelGroup.Extended"
00:01:12 T:3034198016 WARNING: JSONRPC: Could not parse type "GUI.Property.Value"
00:01:12 T:3034198016 WARNING: JSONRPC: Could not parse type "Setting.Details.SettingList"
00:01:13 T:2909684752  NOTICE: Thread LanguageInvoker start, auto delete: false
00:01:13 T:3034198016  NOTICE: initialize done
00:01:13 T:2899309584  NOTICE: Thread LanguageInvoker start, auto delete: false
00:01:13 T:3034198016  NOTICE: XBian: notifying Upstart that i'm well
00:01:13 T:2890920976  NOTICE: Thread LanguageInvoker start, auto delete: false
00:01:13 T:3024237584  NOTICE: CAESinkPi:AddPackets Underrun (delay:0.00 frames:2205)
00:01:14 T:2899309584  NOTICE: -->Python Interpreter Initialized<--
00:01:14 T:3024237584  NOTICE: Previous line repeats 2 times.
00:01:14 T:3024237584  NOTICE: CAESinkPi:AddPackets Underrun (delay:0.00 frames:2205)
00:01:14 T:3034198016  NOTICE: Running the application...
00:01:15 T:3024237584  NOTICE: CAESinkPi:AddPackets Underrun (delay:0.00 frames:2205)
00:01:16 T:2899309584  NOTICE: Previous line repeats 1 times.
00:01:16 T:2899309584  NOTICE: en
00:01:16 T:2879386640  NOTICE: Thread JobWorker start, auto delete: true
00:01:16 T:3024237584  NOTICE: CAESinkPi:AddPackets Underrun (delay:0.00 frames:2205)
00:01:16 T:2899309584  NOTICE: en_US
00:01:17 T:3024237584  NOTICE: CAESinkPi:AddPackets Underrun (delay:0.00 frames:2205)
00:01:17 T:3034198016  NOTICE: Previous line repeats 1 times.
00:01:17 T:3034198016  NOTICE: starting zeroconf publishing
00:01:17 T:3034198016  NOTICE: Webserver: Starting...
00:01:17 T:3024237584  NOTICE: CAESinkPi:AddPackets Underrun (delay:0.00 frames:2205)
00:01:18 T:2899309584  NOTICE: Previous line repeats 1 times.
00:01:18 T:2899309584  NOTICE: XBian : upgrade service started
00:01:19 T:3024237584  NOTICE: CAESinkPi:AddPackets Underrun (delay:0.00 frames:2205)
00:01:19 T:3034198016  NOTICE: WebServer: Started the webserver
00:01:19 T:3034198016  NOTICE: ES: Starting event server
00:01:19 T:2852123664  NOTICE: Thread JobWorker start, auto delete: true
00:01:19 T:2843735056  NOTICE: Thread EventServer start, auto delete: false
00:01:19 T:2843735056  NOTICE: ES: Starting UDP Event server on 0.0.0.0:9777
00:01:19 T:2843735056  NOTICE: UDP: Listening on port 9777
00:01:19 T:2835346448  NOTICE: Thread JobWorker start, auto delete: true
00:01:19 T:2826957840  NOTICE: Thread TCPServer start, auto delete: false
00:01:19 T:2818569232  NOTICE: Thread LanguageInvoker start, auto delete: false
00:01:19 T:2818569232  NOTICE: -->Python Interpreter Initialized<--
00:01:19 T:3024237584  NOTICE: CAESinkPi:AddPackets Underrun (delay:0.00 frames:2205)
00:01:20 T:2818569232  NOTICE: en
00:01:20 T:2818569232  NOTICE: en_US
00:01:21 T:2818569232  NOTICE: __all__ ['10_welcome', '20_network', '30_license', '40_backup', '50_update', '60_package', '99_finish']
00:01:21 T:3024237584  NOTICE: CAESinkPi:AddPackets Underrun (delay:0.00 frames:2205)
00:01:22 T:2818569232  NOTICE: None
00:01:22 T:2783962128  NOTICE: Thread FileCache start, auto delete: false
00:01:22 T:2818569232  NOTICE: ['categories.10_system.NetworkSetting']
00:01:22 T:2818569232  NOTICE: ['categories.10_system.vc1License', 'categories.10_system.mpeg2License']
00:01:22 T:2818569232  NOTICE: ['categories.55_backup.homeRestoreBackup']
00:01:22 T:2818569232  NOTICE: ['categories.40_update.UpdateLabel', 'categories.40_update.InventoryIntGui', 'categories.40_update.updateAuto', 'categories.40_update.snapAPT', 'categories.40_update.updatePackageLabel', 'categories.40_update.packageUpdate']
00:01:22 T:2818569232  NOTICE: ['categories.30_packages.packagesManager']
00:01:22 T:2818569232  NOTICE: None
00:01:22 T:2783962128  NOTICE: Thread FileCache start, auto delete: false
00:01:22 T:3034198016  NOTICE: Found resolution 640 x 480 for display 0 with 640 x 480 @ 60.000000 Hz
00:01:22 T:3034198016  NOTICE: Found resolution 640 x 480 for display 0 with 640 x 480 @ 59.940063 Hz
00:01:22 T:3034198016  NOTICE: Found resolution 720 x 480 for display 0 with 720 x 480 @ 60.000000 Hz
00:01:22 T:3034198016  NOTICE: Found resolution 720 x 480 for display 0 with 720 x 480 @ 59.940063 Hz
00:01:22 T:3034198016  NOTICE: Found resolution 1280 x 720 for display 0 with 1280 x 720 @ 60.000000 Hz
00:01:22 T:3034198016  NOTICE: Found resolution 1280 x 720 for display 0 with 1280 x 720 @ 59.940063 Hz
00:01:22 T:3034198016  NOTICE: Found resolution 1920 x 1080 for display 0 with 1920 x 1080 @ 60.000000 Hz
00:01:22 T:3034198016  NOTICE: Found resolution 1920 x 1080 for display 0 with 1920 x 1080 @ 59.940063 Hz
00:01:22 T:3034198016  NOTICE: Found resolution 1920 x 1080 for display 0 with 1920 x 1080 @ 24.000000 Hz
00:01:22 T:3034198016  NOTICE: Found resolution 1920 x 1080 for display 0 with 1920 x 1080 @ 23.976025 Hz
00:01:22 T:3034198016  NOTICE: Found resolution 1920 x 1080 for display 0 with 1920 x 1080 @ 30.000000 Hz
00:01:22 T:3034198016  NOTICE: Found resolution 1920 x 1080 for display 0 with 1920 x 1080 @ 29.970032 Hz
00:01:22 T:3034198016  NOTICE: Found resolution 800 x 600 for display 0 with 800 x 600 @ 60.000000 Hz
00:01:22 T:3034198016  NOTICE: Found resolution 800 x 600 for display 0 with 800 x 600 @ 59.940063 Hz
00:01:22 T:3034198016  NOTICE: Found resolution 1024 x 768 for display 0 with 1024 x 768 @ 60.000000 Hz
00:01:22 T:3034198016  NOTICE: Found resolution 1024 x 768 for display 0 with 1024 x 768 @ 59.940063 Hz
00:01:22 T:3034198016  NOTICE: Found resolution 1280 x 768 for display 0 with 1280 x 768 @ 60.000000 Hz
00:01:22 T:3034198016  NOTICE: Found resolution 1280 x 768 for display 0 with 1280 x 768 @ 59.940063 Hz
00:01:22 T:3034198016  NOTICE: Found resolution 1280 x 1024 for display 0 with 1280 x 1024 @ 60.000000 Hz
00:01:22 T:3034198016  NOTICE: Found resolution 1280 x 1024 for display 0 with 1280 x 1024 @ 59.940063 Hz
00:01:22 T:3034198016  NOTICE: Found resolution 1360 x 768 for display 0 with 1360 x 768 @ 60.000000 Hz
00:01:22 T:3034198016  NOTICE: Found resolution 1360 x 768 for display 0 with 1360 x 768 @ 59.940063 Hz
00:01:22 T:3034198016  NOTICE: Found resolution 1400 x 1050 for display 0 with 1400 x 1050 @ 60.000000 Hz
00:01:22 T:3034198016  NOTICE: Found resolution 1400 x 1050 for display 0 with 1400 x 1050 @ 59.940063 Hz
00:01:22 T:3034198016  NOTICE: Found resolution 1440 x 900 for display 0 with 1440 x 900 @ 60.000000 Hz
00:01:22 T:3034198016  NOTICE: Found resolution 1440 x 900 for display 0 with 1440 x 900 @ 59.940063 Hz
00:01:22 T:3034198016  NOTICE: Found resolution 1680 x 1050 for display 0 with 1680 x 1050 @ 60.000000 Hz
00:01:22 T:3034198016  NOTICE: Found resolution 1680 x 1050 for display 0 with 1680 x 1050 @ 59.940063 Hz
00:01:22 T:3034198016  NOTICE: Found resolution 1600 x 900 for display 0 with 1600 x 900 @ 60.000000 Hz
00:01:22 T:3034198016  NOTICE: Found resolution 1600 x 900 for display 0 with 1600 x 900 @ 59.940063 Hz
00:01:22 T:3034198016  NOTICE: Found (1920x1080@60.000000) at 22, setting to RES_DESKTOP at 16
00:01:23 T:2783962128  NOTICE: Thread FileCache start, auto delete: false
00:01:23 T:3024237584  NOTICE: CAESinkPi:AddPackets Underrun (delay:0.00 frames:2205)
00:01:30 T:2783962128  NOTICE: Previous line repeats 2 times.
00:01:30 T:2783962128  NOTICE: Thread FileCache start, auto delete: false
00:01:35 T:3024237584  NOTICE: CAESinkPi:AddPackets Underrun (delay:0.00 frames:2205)
00:01:36 T:2783962128  NOTICE: Thread FileCache start, auto delete: false
00:01:38 T:2783962128  NOTICE: Previous line repeats 1 times.
00:01:38 T:2783962128  NOTICE: Thread LanguageInvoker start, auto delete: false
00:01:38 T:2783962128  NOTICE: -->Python Interpreter Initialized<--
00:01:39 T:2783962128  NOTICE: en
00:01:39 T:2783962128  NOTICE: en_US
00:01:40 T:2783962128  NOTICE: {'settings': 'categories.10_system.NetworkSetting', 'mode': '1', 'title': 'Network'}
00:01:40 T:2783962128  NOTICE: XBian : XBian-config started
00:01:41 T:3024237584  NOTICE: CAESinkPi:AddPackets Underrun (delay:0.00 frames:2205)
00:01:41 T:2783962128  NOTICE: Previous line repeats 1 times.
00:01:41 T:2783962128  NOTICE: __all__ ['10_system', '20_services', '30_packages', '40_update', '50_xbmc', '55_backup', '59_extra', '60_preference']
00:01:41 T:2808083472  NOTICE: Thread FileCache start, auto delete: false
22:52:24 T:3024237584  NOTICE: Previous line repeats 1 times.
22:52:24 T:3024237584  NOTICE: CAESinkPi:AddPackets Underrun (delay:0.00 frames:2205)
22:52:40 T:2879386640  NOTICE: Previous line repeats 6 times.
22:52:40 T:2879386640  NOTICE: Thread FileCache start, auto delete: false
22:52:40 T:2879386640  NOTICE: Thread JobWorker start, auto delete: true
22:52:40 T:3024237584  NOTICE: CAESinkPi:AddPackets Underrun (delay:0.00 frames:2205)
22:52:40 T:2835346448  NOTICE: Thread FileCache start, auto delete: false
22:52:40 T:2835346448  NOTICE: Thread JobWorker start, auto delete: true
22:52:41 T:3024237584  NOTICE: CAESinkPi:AddPackets Underrun (delay:0.00 frames:2205)
22:52:41 T:2808083472  NOTICE: Thread FileCache start, auto delete: false
22:52:43 T:3024237584  NOTICE: Previous line repeats 1 times.
22:52:43 T:3024237584  NOTICE: CAESinkPi:AddPackets Underrun (delay:0.00 frames:2205)
22:52:44 T:2808083472  NOTICE: Thread JobWorker start, auto delete: true
22:52:45 T:3024237584  NOTICE: CAESinkPi:AddPackets Underrun (delay:0.00 frames:2205)
22:53:07 T:2738873360  NOTICE: Previous line repeats 3 times.
22:53:07 T:2738873360  NOTICE: Thread FileCache start, auto delete: false
22:53:13 T:3024237584  NOTICE: CAESinkPi:AddPackets Underrun (delay:0.00 frames:2205)
22:55:57 T:2783962128  NOTICE: Previous line repeats 19 times.
22:55:57 T:2783962128 WARNING: CPythonInvoker(4, /usr/local/share/kodi/addons/plugin.xbianconfig/default.py): the python script "/usr/local/share/kodi/addons/plugin.xbianconfig/default.py" has left several classes in memory that we couldn't clean up. The classes include: N14PythonBindings42XBMCAddon_xbmcgui_WindowXMLDialog_DirectorE,N9XBMCAddon9xbmcaddon5AddonE
22:55:57 T:3024237584  NOTICE: CAESinkPi:AddPackets Underrun (delay:0.00 frames:2205)
22:56:26 T:2783962128  NOTICE: Previous line repeats 15 times.
22:56:26 T:2783962128  NOTICE: Thread LanguageInvoker start, auto delete: false
22:56:26 T:2783962128  NOTICE: -->Python Interpreter Initialized<--
22:56:27 T:2783962128  NOTICE: en
22:56:27 T:2783962128  NOTICE: en_US
22:56:28 T:2783962128  NOTICE: {'settings': 'categories.40_update.UpdateLabel%2Ccategories.40_update.InventoryIntGui%2Ccategories.40_update.updateAuto%2Ccategories.40_update.snapAPT%2Ccategories.40_update.updatePackageLabel%2Ccategories.40_update.packageUpdate', 'mode': '1', 'title': 'update'}
22:56:28 T:2783962128  NOTICE: XBian : XBian-config started
22:56:29 T:3024237584  NOTICE: CAESinkPi:AddPackets Underrun (delay:0.00 frames:2205)
22:56:29 T:2783962128  NOTICE: __all__ ['10_system', '20_services', '30_packages', '40_update', '50_xbmc', '55_backup', '59_extra', '60_preference']
22:56:29 T:3024237584  NOTICE: CAESinkPi:AddPackets Underrun (delay:0.00 frames:2205)
22:56:36 T:2783962128  NOTICE: Previous line repeats 1 times.
22:56:36 T:2783962128 WARNING: CPythonInvoker(5, /usr/local/share/kodi/addons/plugin.xbianconfig/default.py): the python script "/usr/local/share/kodi/addons/plugin.xbianconfig/default.py" has left several classes in memory that we couldn't clean up. The classes include: N14PythonBindings42XBMCAddon_xbmcgui_WindowXMLDialog_DirectorE,N9XBMCAddon9xbmcaddon5AddonE
22:56:36 T:3024237584  NOTICE: CAESinkPi:AddPackets Underrun (delay:0.00 frames:2205)
22:56:45 T:2818569232  NOTICE: Previous line repeats 3 times.
22:56:45 T:2818569232  NOTICE: Thread JobWorker start, auto delete: true
22:56:48 T:3024237584  NOTICE: CAESinkPi:AddPackets Underrun (delay:0.00 frames:2205)
22:57:28 T:2818569232  NOTICE: Previous line repeats 1 times.
22:57:28 T:2818569232  NOTICE: Thread JobWorker start, auto delete: true
22:57:33 T:3024237584  NOTICE: CAESinkPi:AddPackets Underrun (delay:0.00 frames:2205)
22:59:05 T:2818569232  NOTICE: Previous line repeats 5 times.
22:59:05 T:2818569232  NOTICE: Thread JobWorker start, auto delete: true
23:02:01 T:2783962128  NOTICE: Previous line repeats 1 times.
23:02:01 T:2783962128  NOTICE: Thread FileCache start, auto delete: false
23:02:25 T:2899309584  NOTICE: Previous line repeats 4 times.
23:02:25 T:2899309584  NOTICE: XBian : on saver
23:02:25 T:2899309584  NOTICE: XBian : on saver END
23:02:53 T:2899309584  NOTICE: XBian : on saver deactivated
23:02:53 T:2899309584  NOTICE: XBian : on saver deactivated END
23:02:57 T:3024237584  NOTICE: CAESinkPi:AddPackets Underrun (delay:0.00 frames:2205)
23:06:14 T:2899309584  NOTICE: Previous line repeats 160 times.
23:06:14 T:2899309584  NOTICE: XBian : on saver
23:06:14 T:2899309584  NOTICE: XBian : on saver END
23:07:55 T:2899309584  NOTICE: XBian : on saver deactivated
23:07:55 T:2899309584  NOTICE: XBian : on saver deactivated END
23:08:09 T:3024237584  NOTICE: CAESinkPi:AddPackets Underrun (delay:0.00 frames:2205)
23:08:10 T:3034198016  NOTICE: Previous line repeats 8 times.
23:08:10 T:3034198016  NOTICE: Storing total System Uptime
23:08:10 T:3034198016  NOTICE: Saving settings
23:08:11 T:3024237584  NOTICE: CAESinkPi:AddPackets Underrun (delay:0.00 frames:2205)
23:08:11 T:3034198016  NOTICE: stop all
23:08:11 T:3034198016  NOTICE: stop player
23:08:11 T:3034198016  NOTICE: ES: Stopping event server
23:08:11 T:3034198016  NOTICE: stopping zeroconf publishing
23:08:11 T:3034198016  NOTICE: Webserver: Stopping...
23:08:11 T:3034198016  NOTICE: WebServer: Stopped the webserver
23:08:11 T:3034198016  NOTICE: Webserver: Stopped...
23:08:11 T:2843735056  NOTICE: ES: UDP Event server stopped
23:08:11 T:3034198016  NOTICE: stop dvd detect media
23:08:11 T:3034198016  NOTICE: stop sap announcement listener
23:08:11 T:3034198016  NOTICE: clean cached files!
23:08:11 T:3034198016  NOTICE: unload skin
23:08:11 T:2899309584  NOTICE: XBian : abort requested
23:08:12 T:2899309584  NOTICE: XBian : upgrade service finished
23:08:12 T:3024237584  NOTICE: CAESinkPi:AddPackets Underrun (delay:0.00 frames:2205)
23:08:12 T:3034198016  NOTICE: stopped
23:08:12 T:3034198016  NOTICE: destroy
23:08:12 T:3034198016  NOTICE: closing down remote control service
23:08:12 T:3034198016  NOTICE: unload sections
23:08:12 T:3034198016  NOTICE: special://profile/ is mapped to: special://masterprofile/
23:08:12 T:3034198016  NOTICE: destroy
23:08:12 T:3034198016 WARNING: Attempted to remove window 10013 from the window manager when it didn't exist
23:08:12 T:3034198016 WARNING: Attempted to remove window 10014 from the window manager when it didn't exist
23:08:12 T:3034198016 WARNING: Attempted to remove window 10015 from the window manager when it didn't exist
23:08:12 T:3034198016 WARNING: Attempted to remove window 10016 from the window manager when it didn't exist
23:08:12 T:3034198016 WARNING: Attempted to remove window 10017 from the window manager when it didn't exist
23:08:12 T:3034198016 WARNING: Attempted to remove window 10018 from the window manager when it didn't exist
23:08:12 T:3034198016 WARNING: Attempted to remove window 10019 from the window manager when it didn't exist
23:08:12 T:3034198016 WARNING: Attempted to remove window 10021 from the window manager when it didn't exist
23:08:12 T:3034198016 WARNING: Attempted to remove window 10107 from the window manager when it didn't exist
23:08:12 T:3034198016 WARNING: Attempted to remove window 10115 from the window manager when it didn't exist
23:08:12 T:3034198016 WARNING: Attempted to remove window 10104 from the window manager when it didn't exist
23:08:12 T:3034198016  NOTICE: closing down remote control service
23:08:12 T:3034198016  NOTICE: unload sections
23:08:12 T:3034198016  NOTICE: application stopped...
